<?xml version="1.0" encoding="UTF-8"?>
<!-- Generated by org.testng.reporters.JUnitReportReporter -->
<testsuite skipped="0" hostname="LAPTOP-RIV9S4I9" name="learnExcelToday.CreateLead2" tests="2" failures="0" timestamp="22 Mar 2019 05:47:53 GMT" time="45.001" errors="0">
  <testcase name="createLead" time="26.117" classname="learnExcelToday.CreateLead2"/>
  <testcase name="createLead" time="18.884" classname="learnExcelToday.CreateLead2"/>
</testsuite> <!-- learnExcelToday.CreateLead2 -->
