<?xml version="1.0" encoding="UTF-8"?>
<!-- Generated by org.testng.reporters.JUnitReportReporter -->
<testsuite skipped="0" hostname="LAPTOP-RIV9S4I9" name="week6Day1HomeWork.RunnerClass" tests="2" failures="0" timestamp="17 Mar 2019 01:46:52 GMT" time="60.262" errors="0">
  <testcase name="runScenario" time="32.191" classname="week6Day1HomeWork.RunnerClass"/>
  <testcase name="runScenario" time="28.071" classname="week6Day1HomeWork.RunnerClass"/>
</testsuite> <!-- week6Day1HomeWork.RunnerClass -->
