<?xml version="1.0" encoding="UTF-8"?>
<!-- Generated by org.testng.reporters.JUnitReportReporter -->
<testsuite skipped="0" hostname="LAPTOP-RIV9S4I9" name="leafGround.AlertPage" tests="1" failures="0" timestamp="03 Apr 2019 06:26:44 GMT" time="2.596" errors="0">
  <testcase name="alertPage" time="2.596" classname="leafGround.AlertPage"/>
</testsuite> <!-- leafGround.AlertPage -->
