<?xml version="1.0" encoding="UTF-8"?>
<!-- Generated by org.testng.reporters.JUnitReportReporter -->
<testsuite skipped="0" hostname="LAPTOP-RIV9S4I9" name="leafGround.HyperLinkPage" tests="1" failures="0" timestamp="02 Apr 2019 18:09:40 GMT" time="4.538" errors="0">
  <testcase name="hyperLinkpage" time="4.538" classname="leafGround.HyperLinkPage"/>
</testsuite> <!-- leafGround.HyperLinkPage -->
