<?xml version="1.0" encoding="UTF-8"?>
<!-- Generated by org.testng.reporters.JUnitReportReporter -->
<testsuite skipped="0" hostname="LAPTOP-RIV9S4I9" name="learnTestNG.MergeLeads" tests="1" failures="0" timestamp="09 Mar 2019 10:35:07 GMT" time="39.418" errors="0">
  <testcase name="mergerLead" time="39.418" classname="learnTestNG.MergeLeads"/>
</testsuite> <!-- learnTestNG.MergeLeads -->
