<?xml version="1.0" encoding="UTF-8"?>
<!-- Generated by org.testng.reporters.JUnitReportReporter -->
<testsuite skipped="0" hostname="LAPTOP-RIV9S4I9" name="programs.LeafGround" tests="1" failures="0" timestamp="31 Mar 2019 18:11:50 GMT" time="11.176" errors="0">
  <testcase name="editIcon" time="11.176" classname="programs.LeafGround"/>
</testsuite> <!-- programs.LeafGround -->
