<?xml version="1.0" encoding="UTF-8"?>
<!-- Generated by org.testng.reporters.JUnitReportReporter -->
<testsuite skipped="0" hostname="LAPTOP-RIV9S4I9" name="week5Day2.CreateLead" tests="2" failures="0" timestamp="10 Mar 2019 04:18:51 GMT" time="51.171" errors="0">
  <testcase name="createLead" time="25.535" classname="week5Day2.CreateLead"/>
  <testcase name="createLead" time="25.636" classname="week5Day2.CreateLead"/>
</testsuite> <!-- week5Day2.CreateLead -->
