<?xml version="1.0" encoding="UTF-8"?>
<!-- Generated by org.testng.reporters.JUnitReportReporter -->
<testsuite skipped="0" hostname="LAPTOP-RIV9S4I9" name="learnTestNG.DeleteLead" tests="1" failures="0" timestamp="09 Mar 2019 10:30:57 GMT" time="35.092" errors="0">
  <testcase name="deleteLead" time="35.092" classname="learnTestNG.DeleteLead"/>
</testsuite> <!-- learnTestNG.DeleteLead -->
