<?xml version="1.0" encoding="UTF-8"?>
<!-- Generated by org.testng.reporters.JUnitReportReporter -->
<testsuite skipped="0" hostname="LAPTOP-RIV9S4I9" name="leafGround.WebTablePage" tests="1" failures="0" timestamp="02 Apr 2019 18:09:40 GMT" time="3.256" errors="0">
  <testcase name="webTablePage" time="3.256" classname="leafGround.WebTablePage"/>
</testsuite> <!-- leafGround.WebTablePage -->
