<?xml version="1.0" encoding="UTF-8"?>
<!-- Generated by org.testng.reporters.JUnitReportReporter -->
<testsuite skipped="0" hostname="LAPTOP-RIV9S4I9" name="week5Day2.CreateLead1" tests="2" failures="0" timestamp="14 Mar 2019 04:41:31 GMT" time="35.454" errors="0">
  <testcase name="createLead" time="17.461" classname="week5Day2.CreateLead1"/>
  <testcase name="createLead" time="17.993" classname="week5Day2.CreateLead1"/>
</testsuite> <!-- week5Day2.CreateLead1 -->
