<?xml version="1.0" encoding="UTF-8"?>
<!-- Generated by org.testng.reporters.JUnitReportReporter -->
<testsuite skipped="0" hostname="LAPTOP-RIV9S4I9" name="leafGround.UploadFile" tests="1" failures="0" timestamp="12 Apr 2019 08:45:37 GMT" time="21.666" errors="0">
  <testcase name="upload" time="21.666" classname="leafGround.UploadFile"/>
</testsuite> <!-- leafGround.UploadFile -->
