<?xml version="1.0" encoding="UTF-8"?>
<!-- Generated by org.testng.reporters.JUnitReportReporter -->
<testsuite skipped="2" hostname="LAPTOP-RIV9S4I9" name="programs.WindowHandlingDiffWays" tests="3" failures="0" timestamp="12 Apr 2019 07:18:03 GMT" time="14.591" errors="0">
  <testcase name="setMethod" time="14.591" classname="programs.WindowHandlingDiffWays"/>
  <testcase name="byPageTitle" classname="programs.WindowHandlingDiffWays">
    <skipped/>
  </testcase> <!-- byPageTitle -->
  <testcase name="hasNextMethod1" classname="programs.WindowHandlingDiffWays">
    <skipped/>
  </testcase> <!-- hasNextMethod1 -->
</testsuite> <!-- programs.WindowHandlingDiffWays -->
